<?xml version="1.0" encoding="UTF-8"?>
<!-- Generated by org.testng.reporters.JUnitReportReporter -->
<testsuite hostname="A-AlZaareer" failures="0" tests="6" name="AlmosaferWeb.MyTestCases" time="0.144" errors="0" timestamp="2025-03-24T11:53:10 EET" skipped="5">
  <testcase classname="AlmosaferWeb.MyTestCases" name="checkDepartureAndArrivalDate" time="0.144"/>
  <system-out/>
  <testcase classname="AlmosaferWeb.MyTestCases" name="checkTheContactNumber">
    <skipped/>
  </testcase> <!-- checkTheContactNumber -->
  <system-out/>
  <testcase classname="AlmosaferWeb.MyTestCases" name="checkTheCurrency">
    <skipped/>
  </testcase> <!-- checkTheCurrency -->
  <system-out/>
  <testcase classname="AlmosaferWeb.MyTestCases" name="checkTheLanguage">
    <skipped/>
  </testcase> <!-- checkTheLanguage -->
  <system-out/>
  <testcase classname="AlmosaferWeb.MyTestCases" name="checkHotelStatus">
    <skipped/>
  </testcase> <!-- checkHotelStatus -->
  <system-out/>
  <testcase classname="AlmosaferWeb.MyTestCases" name="checkLogo">
    <skipped/>
  </testcase> <!-- checkLogo -->
  <system-out/>
</testsuite> <!-- AlmosaferWeb.MyTestCases -->
